<?xml version="1.0" encoding="UTF-8"?>
<!-- Generated by org.testng.reporters.JUnitXMLReporter -->
<testsuite ignored="0" hostname="DESKTOP-HRAQIB6" failures="0" tests="8" name="ModuleOneTest" time="0.179" errors="0" timestamp="2022-10-20T22:17:47 GMT-07:00">
  <testcase classname="parallelScripts.SampleOneTest" name="testFour" time="0.028"/>
  <testcase classname="parallelScripts.SampleTwoTest" name="testFour" time="0.028"/>
  <testcase classname="parallelScripts.SampleOneTest" name="testOne" time="0.01"/>
  <testcase classname="parallelScripts.SampleTwoTest" name="testOne" time="0.008"/>
  <testcase classname="parallelScripts.SampleOneTest" name="testThree" time="0.005"/>
  <testcase classname="parallelScripts.SampleTwoTest" name="testThree" time="0.014"/>
  <testcase classname="parallelScripts.SampleOneTest" name="testTwo" time="0.006"/>
  <testcase classname="parallelScripts.SampleTwoTest" name="testTwo" time="0.003"/>
</testsuite> <!-- ModuleOneTest -->
