<?xml version="1.0" encoding="UTF-8"?>
<testng-results ignored="0" total="1" passed="1" failed="0" skipped="0">
  <reporter-output>
  </reporter-output>
  <suite started-at="2022-10-26T23:45:39 GMT-07:00" name="Default suite" finished-at="2022-10-26T23:46:03 GMT-07:00" duration-ms="23899">
    <groups>
    </groups>
    <test started-at="2022-10-26T23:45:39 GMT-07:00" name="Default test" finished-at="2022-10-26T23:46:03 GMT-07:00" duration-ms="23899">
      <class name="testScripts.RemoteDriverTest">
        <test-method signature="searchSeleniumTest()[pri:0, instance:testScripts.RemoteDriverTest@6404f418]" started-at="2022-10-26T23:45:39 GMT-07:00" name="searchSeleniumTest" finished-at="2022-10-26T23:46:03 GMT-07:00" duration-ms="23789" status="PASS">
          <reporter-output>
          </reporter-output>
        </test-method> <!-- searchSeleniumTest -->
      </class> <!-- testScripts.RemoteDriverTest -->
    </test> <!-- Default test -->
  </suite> <!-- Default suite -->
</testng-results>
